# JRE version: Java(TM) SE Runtime Environment (8.0_201-b09) (build 1.8.0_201-b09)
# Java VM: Java HotSpot(TM) 64-Bit Server VM (25.201-b09 mixed mode windows-amd64 compressed oops)
Heap:
 PSYoungGen      total 33280K, used 18848K [0x00000000db300000, 0x00000000ded80000, 0x0000000100000000)
  eden space 28672K, 49% used [0x00000000db300000,0x00000000dc0ea268,0x00000000dcf00000)
  from space 4608K, 99% used [0x00000000dcf00000,0x00000000dd37ddc0,0x00000000dd380000)
  to   space 10240K, 0% used [0x00000000de380000,0x00000000de380000,0x00000000ded80000)
 ParOldGen       total 59904K, used 16200K [0x0000000091800000, 0x0000000095280000, 0x00000000db300000)
  object space 59904K, 27% used [0x0000000091800000,0x00000000927d2240,0x0000000095280000)
 Metaspace       used 30508K, capacity 32084K, committed 32304K, reserved 1077248K
  class space    used 3976K, capacity 4291K, committed 4400K, reserved 1048576K
GC Heap History (10 events):
Event: 2.418 GC heap before
{Heap before GC invocations=2 (full 0):
 PSYoungGen      total 33280K, used 32416K [0x00000000db300000, 0x00000000dd800000, 0x0000000100000000)
  eden space 28672K, 100% used [0x00000000db300000,0x00000000dcf00000,0x00000000dcf00000)
  from space 4608K, 81% used [0x00000000dcf00000,0x00000000dd2a8050,0x00000000dd380000)
  to   space 4608K, 0% used [0x00000000dd380000,0x00000000dd380000,0x00000000dd800000)
 ParOldGen       total 76800K, used 80K [0x0000000091800000, 0x0000000096300000, 0x00000000db300000)
  object space 76800K, 0% used [0x0000000091800000,0x0000000091814010,0x0000000096300000)
 Metaspace       used 16972K, capacity 17542K, committed 17920K, reserved 1064960K
  class space    used 2111K, capacity 2240K, committed 2304K, reserved 1048576K
Event: 2.424 GC heap after
Heap after GC invocations=2 (full 0):
 PSYoungGen      total 33280K, used 4584K [0x00000000db300000, 0x00000000dd800000, 0x0000000100000000)
  eden space 28672K, 0% used [0x00000000db300000,0x00000000db300000,0x00000000dcf00000)
  from space 4608K, 99% used [0x00000000dd380000,0x00000000dd7fa040,0x00000000dd800000)
  to   space 4608K, 0% used [0x00000000dcf00000,0x00000000dcf00000,0x00000000dd380000)
 ParOldGen       total 76800K, used 4003K [0x0000000091800000, 0x0000000096300000, 0x00000000db300000)
  object space 76800K, 5% used [0x0000000091800000,0x0000000091be8d50,0x0000000096300000)
 Metaspace       used 16972K, capacity 17542K, committed 17920K, reserved 1064960K
  class space    used 2111K, capacity 2240K, committed 2304K, reserved 1048576K
}
Event: 2.831 GC heap before
{Heap before GC invocations=3 (full 0):
 PSYoungGen      total 33280K, used 22611K [0x00000000db300000, 0x00000000dd800000, 0x0000000100000000)
  eden space 28672K, 62% used [0x00000000db300000,0x00000000dc49ae60,0x00000000dcf00000)
  from space 4608K, 99% used [0x00000000dd380000,0x00000000dd7fa040,0x00000000dd800000)
  to   space 4608K, 0% used [0x00000000dcf00000,0x00000000dcf00000,0x00000000dd380000)
 ParOldGen       total 76800K, used 4003K [0x0000000091800000, 0x0000000096300000, 0x00000000db300000)
  object space 76800K, 5% used [0x0000000091800000,0x0000000091be8d50,0x0000000096300000)
 Metaspace       used 20601K, capacity 21252K, committed 21296K, reserved 1067008K
  class space    used 2660K, capacity 2861K, committed 2864K, reserved 1048576K
Event: 2.838 GC heap after
Heap after GC invocations=3 (full 0):
 PSYoungGen      total 33280K, used 4596K [0x00000000db300000, 0x00000000dd800000, 0x0000000100000000)
  eden space 28672K, 0% used [0x00000000db300000,0x00000000db300000,0x00000000dcf00000)
  from space 4608K, 99% used [0x00000000dcf00000,0x00000000dd37d160,0x00000000dd380000)
  to   space 4608K, 0% used [0x00000000dd380000,0x00000000dd380000,0x00000000dd800000)
 ParOldGen       total 76800K, used 6487K [0x0000000091800000, 0x0000000096300000, 0x00000000db300000)
  object space 76800K, 8% used [0x0000000091800000,0x0000000091e55dd8,0x0000000096300000)
 Metaspace       used 20601K, capacity 21252K, committed 21296K, reserved 1067008K
  class space    used 2660K, capacity 2861K, committed 2864K, reserved 1048576K
}
Event: 2.838 GC heap before
{Heap before GC invocations=4 (full 1):
 PSYoungGen      total 33280K, used 4596K [0x00000000db300000, 0x00000000dd800000, 0x0000000100000000)
  eden space 28672K, 0% used [0x00000000db300000,0x00000000db300000,0x00000000dcf00000)
  from space 4608K, 99% used [0x00000000dcf00000,0x00000000dd37d160,0x00000000dd380000)
  to   space 4608K, 0% used [0x00000000dd380000,0x00000000dd380000,0x00000000dd800000)
 ParOldGen       total 76800K, used 6487K [0x0000000091800000, 0x0000000096300000, 0x00000000db300000)
  object space 76800K, 8% used [0x0000000091800000,0x0000000091e55dd8,0x0000000096300000)
 Metaspace       used 20601K, capacity 21252K, committed 21296K, reserved 1067008K
  class space    used 2660K, capacity 2861K, committed 2864K, reserved 1048576K
Event: 2.867 GC heap after
Heap after GC invocations=4 (full 1):
 PSYoungGen      total 33280K, used 0K [0x00000000db300000, 0x00000000dd800000, 0x0000000100000000)
  eden space 28672K, 0% used [0x00000000db300000,0x00000000db300000,0x00000000dcf00000)
  from space 4608K, 0% used [0x00000000dcf00000,0x00000000dcf00000,0x00000000dd380000)
  to   space 4608K, 0% used [0x00000000dd380000,0x00000000dd380000,0x00000000dd800000)
 ParOldGen       total 59904K, used 9690K [0x0000000091800000, 0x0000000095280000, 0x00000000db300000)
  object space 59904K, 16% used [0x0000000091800000,0x00000000921769b0,0x0000000095280000)
 Metaspace       used 20601K, capacity 21252K, committed 21296K, reserved 1067008K
  class space    used 2660K, capacity 2861K, committed 2864K, reserved 1048576K
}
Event: 3.613 GC heap before
{Heap before GC invocations=5 (full 1):
 PSYoungGen      total 33280K, used 28672K [0x00000000db300000, 0x00000000dd800000, 0x0000000100000000)
  eden space 28672K, 100% used [0x00000000db300000,0x00000000dcf00000,0x00000000dcf00000)
  from space 4608K, 0% used [0x00000000dcf00000,0x00000000dcf00000,0x00000000dd380000)
  to   space 4608K, 0% used [0x00000000dd380000,0x00000000dd380000,0x00000000dd800000)
 ParOldGen       total 59904K, used 9690K [0x0000000091800000, 0x0000000095280000, 0x00000000db300000)
  object space 59904K, 16% used [0x0000000091800000,0x00000000921769b0,0x0000000095280000)
 Metaspace       used 24588K, capacity 25720K, committed 25904K, reserved 1071104K
  class space    used 3309K, capacity 3585K, committed 3632K, reserved 1048576K
Event: 3.621 GC heap after
Heap after GC invocations=5 (full 1):
 PSYoungGen      total 33280K, used 4577K [0x00000000db300000, 0x00000000de480000, 0x0000000100000000)
  eden space 28672K, 0% used [0x00000000db300000,0x00000000db300000,0x00000000dcf00000)
  from space 4608K, 99% used [0x00000000dd380000,0x00000000dd7f8498,0x00000000dd800000)
  to   space 4608K, 0% used [0x00000000dcf00000,0x00000000dcf00000,0x00000000dd380000)
 ParOldGen       total 59904K, used 13990K [0x0000000091800000, 0x0000000095280000, 0x00000000db300000)
  object space 59904K, 23% used [0x0000000091800000,0x00000000925a99c0,0x0000000095280000)
 Metaspace       used 24588K, capacity 25720K, committed 25904K, reserved 1071104K
  class space    used 3309K, capacity 3585K, committed 3632K, reserved 1048576K
}
Event: 65.329 GC heap before
{Heap before GC invocations=6 (full 1):
 PSYoungGen      total 33280K, used 33249K [0x00000000db300000, 0x00000000de480000, 0x0000000100000000)
  eden space 28672K, 100% used [0x00000000db300000,0x00000000dcf00000,0x00000000dcf00000)
  from space 4608K, 99% used [0x00000000dd380000,0x00000000dd7f8498,0x00000000dd800000)
  to   space 4608K, 0% used [0x00000000dcf00000,0x00000000dcf00000,0x00000000dd380000)
 ParOldGen       total 59904K, used 13990K [0x0000000091800000, 0x0000000095280000, 0x00000000db300000)
  object space 59904K, 23% used [0x0000000091800000,0x00000000925a99c0,0x0000000095280000)
 Metaspace       used 28364K, capacity 29900K, committed 30000K, reserved 1075200K
  class space    used 3751K, capacity 4049K, committed 4144K, reserved 1048576K
Event: 65.334 GC heap after
Heap after GC invocations=6 (full 1):
 PSYoungGen      total 33280K, used 4599K [0x00000000db300000, 0x00000000ded80000, 0x0000000100000000)
  eden space 28672K, 0% used [0x00000000db300000,0x00000000db300000,0x00000000dcf00000)
  from space 4608K, 99% used [0x00000000dcf00000,0x00000000dd37ddc0,0x00000000dd380000)
  to   space 10240K, 0% used [0x00000000de380000,0x00000000de380000,0x00000000ded80000)
 ParOldGen       total 59904K, used 16200K [0x0000000091800000, 0x0000000095280000, 0x00000000db300000)
  object space 59904K, 27% used [0x0000000091800000,0x00000000927d2240,0x0000000095280000)
 Metaspace       used 28364K, capacity 29900K, committed 30000K, reserved 1075200K
  class space    used 3751K, capacity 4049K, committed 4144K, reserved 1048576K
}

