# JRE version: Java(TM) SE Runtime Environment (8.0_201-b09) (build 1.8.0_201-b09)
# Java VM: Java HotSpot(TM) 64-Bit Server VM (25.201-b09 mixed mode windows-amd64 compressed oops)
Heap:
 PSYoungGen      total 34304K, used 17594K [0x00000000db300000, 0x00000000de280000, 0x0000000100000000)
  eden space 27648K, 41% used [0x00000000db300000,0x00000000dbe132d0,0x00000000dce00000)
  from space 6656K, 93% used [0x00000000dd400000,0x00000000dda1b888,0x00000000dda80000)
  to   space 8192K, 0% used [0x00000000dda80000,0x00000000dda80000,0x00000000de280000)
 ParOldGen       total 59392K, used 16414K [0x0000000091800000, 0x0000000095200000, 0x00000000db300000)
  object space 59392K, 27% used [0x0000000091800000,0x0000000092807890,0x0000000095200000)
 Metaspace       used 29776K, capacity 31076K, committed 31232K, reserved 1077248K
  class space    used 3725K, capacity 4015K, committed 4096K, reserved 1048576K
GC Heap History (10 events):
Event: 2.681 GC heap before
{Heap before GC invocations=4 (full 1):
 PSYoungGen      total 33280K, used 4598K [0x00000000db300000, 0x00000000dd800000, 0x0000000100000000)
  eden space 28672K, 0% used [0x00000000db300000,0x00000000db300000,0x00000000dcf00000)
  from space 4608K, 99% used [0x00000000dcf00000,0x00000000dd37da38,0x00000000dd380000)
  to   space 4608K, 0% used [0x00000000dd380000,0x00000000dd380000,0x00000000dd800000)
 ParOldGen       total 76800K, used 6474K [0x0000000091800000, 0x0000000096300000, 0x00000000db300000)
  object space 76800K, 8% used [0x0000000091800000,0x0000000091e52968,0x0000000096300000)
 Metaspace       used 20421K, capacity 21070K, committed 21296K, reserved 1067008K
  class space    used 2633K, capacity 2826K, committed 2944K, reserved 1048576K
Event: 2.713 GC heap after
Heap after GC invocations=4 (full 1):
 PSYoungGen      total 33280K, used 0K [0x00000000db300000, 0x00000000dd800000, 0x0000000100000000)
  eden space 28672K, 0% used [0x00000000db300000,0x00000000db300000,0x00000000dcf00000)
  from space 4608K, 0% used [0x00000000dcf00000,0x00000000dcf00000,0x00000000dd380000)
  to   space 4608K, 0% used [0x00000000dd380000,0x00000000dd380000,0x00000000dd800000)
 ParOldGen       total 59392K, used 9656K [0x0000000091800000, 0x0000000095200000, 0x00000000db300000)
  object space 59392K, 16% used [0x0000000091800000,0x000000009216e1e8,0x0000000095200000)
 Metaspace       used 20421K, capacity 21070K, committed 21296K, reserved 1067008K
  class space    used 2633K, capacity 2826K, committed 2944K, reserved 1048576K
}
Event: 6.396 GC heap before
{Heap before GC invocations=5 (full 1):
 PSYoungGen      total 33280K, used 28672K [0x00000000db300000, 0x00000000dd800000, 0x0000000100000000)
  eden space 28672K, 100% used [0x00000000db300000,0x00000000dcf00000,0x00000000dcf00000)
  from space 4608K, 0% used [0x00000000dcf00000,0x00000000dcf00000,0x00000000dd380000)
  to   space 4608K, 0% used [0x00000000dd380000,0x00000000dd380000,0x00000000dd800000)
 ParOldGen       total 59392K, used 9656K [0x0000000091800000, 0x0000000095200000, 0x00000000db300000)
  object space 59392K, 16% used [0x0000000091800000,0x000000009216e1e8,0x0000000095200000)
 Metaspace       used 24375K, capacity 25490K, committed 25600K, reserved 1071104K
  class space    used 3258K, capacity 3500K, committed 3584K, reserved 1048576K
Event: 6.402 GC heap after
Heap after GC invocations=5 (full 1):
 PSYoungGen      total 33280K, used 4581K [0x00000000db300000, 0x00000000de300000, 0x0000000100000000)
  eden space 28672K, 0% used [0x00000000db300000,0x00000000db300000,0x00000000dcf00000)
  from space 4608K, 99% used [0x00000000dd380000,0x00000000dd7f9438,0x00000000dd800000)
  to   space 4608K, 0% used [0x00000000dcf00000,0x00000000dcf00000,0x00000000dd380000)
 ParOldGen       total 59392K, used 13062K [0x0000000091800000, 0x0000000095200000, 0x00000000db300000)
  object space 59392K, 21% used [0x0000000091800000,0x00000000924c1b70,0x0000000095200000)
 Metaspace       used 24375K, capacity 25490K, committed 25600K, reserved 1071104K
  class space    used 3258K, capacity 3500K, committed 3584K, reserved 1048576K
}
Event: 43.372 GC heap before
{Heap before GC invocations=6 (full 1):
 PSYoungGen      total 33280K, used 33253K [0x00000000db300000, 0x00000000de300000, 0x0000000100000000)
  eden space 28672K, 100% used [0x00000000db300000,0x00000000dcf00000,0x00000000dcf00000)
  from space 4608K, 99% used [0x00000000dd380000,0x00000000dd7f9438,0x00000000dd800000)
  to   space 4608K, 0% used [0x00000000dcf00000,0x00000000dcf00000,0x00000000dd380000)
 ParOldGen       total 59392K, used 13062K [0x0000000091800000, 0x0000000095200000, 0x00000000db300000)
  object space 59392K, 21% used [0x0000000091800000,0x00000000924c1b70,0x0000000095200000)
 Metaspace       used 28272K, capacity 29458K, committed 29824K, reserved 1075200K
  class space    used 3593K, capacity 3870K, committed 3968K, reserved 1048576K
Event: 43.377 GC heap after
Heap after GC invocations=6 (full 1):
 PSYoungGen      total 33280K, used 4583K [0x00000000db300000, 0x00000000dec00000, 0x0000000100000000)
  eden space 28672K, 0% used [0x00000000db300000,0x00000000db300000,0x00000000dcf00000)
  from space 4608K, 99% used [0x00000000dcf00000,0x00000000dd379dd0,0x00000000dd380000)
  to   space 10240K, 0% used [0x00000000de200000,0x00000000de200000,0x00000000dec00000)
 ParOldGen       total 59392K, used 16398K [0x0000000091800000, 0x0000000095200000, 0x00000000db300000)
  object space 59392K, 27% used [0x0000000091800000,0x0000000092803890,0x0000000095200000)
 Metaspace       used 28272K, capacity 29458K, committed 29824K, reserved 1075200K
  class space    used 3593K, capacity 3870K, committed 3968K, reserved 1048576K
}
Event: 104.559 GC heap before
{Heap before GC invocations=7 (full 1):
 PSYoungGen      total 33280K, used 33255K [0x00000000db300000, 0x00000000dec00000, 0x0000000100000000)
  eden space 28672K, 100% used [0x00000000db300000,0x00000000dcf00000,0x00000000dcf00000)
  from space 4608K, 99% used [0x00000000dcf00000,0x00000000dd379dd0,0x00000000dd380000)
  to   space 10240K, 0% used [0x00000000de200000,0x00000000de200000,0x00000000dec00000)
 ParOldGen       total 59392K, used 16398K [0x0000000091800000, 0x0000000095200000, 0x00000000db300000)
  object space 59392K, 27% used [0x0000000091800000,0x0000000092803890,0x0000000095200000)
 Metaspace       used 28876K, capacity 30072K, committed 30336K, reserved 1075200K
  class space    used 3601K, capacity 3875K, committed 3968K, reserved 1048576K
Event: 104.564 GC heap after
Heap after GC invocations=7 (full 1):
 PSYoungGen      total 34304K, used 5835K [0x00000000db300000, 0x00000000de800000, 0x0000000100000000)
  eden space 28160K, 0% used [0x00000000db300000,0x00000000db300000,0x00000000dce80000)
  from space 6144K, 94% used [0x00000000de200000,0x00000000de7b2d90,0x00000000de800000)
  to   space 10240K, 0% used [0x00000000dd400000,0x00000000dd400000,0x00000000dde00000)
 ParOldGen       total 59392K, used 16406K [0x0000000091800000, 0x0000000095200000, 0x00000000db300000)
  object space 59392K, 27% used [0x0000000091800000,0x0000000092805890,0x0000000095200000)
 Metaspace       used 28876K, capacity 30072K, committed 30336K, reserved 1075200K
  class space    used 3601K, capacity 3875K, committed 3968K, reserved 1048576K
}
Event: 174.993 GC heap before
{Heap before GC invocations=8 (full 1):
 PSYoungGen      total 34304K, used 33995K [0x00000000db300000, 0x00000000de800000, 0x0000000100000000)
  eden space 28160K, 100% used [0x00000000db300000,0x00000000dce80000,0x00000000dce80000)
  from space 6144K, 94% used [0x00000000de200000,0x00000000de7b2d90,0x00000000de800000)
  to   space 10240K, 0% used [0x00000000dd400000,0x00000000dd400000,0x00000000dde00000)
 ParOldGen       total 59392K, used 16406K [0x0000000091800000, 0x0000000095200000, 0x00000000db300000)
  object space 59392K, 27% used [0x0000000091800000,0x0000000092805890,0x0000000095200000)
 Metaspace       used 29167K, capacity 30398K, committed 30592K, reserved 1075200K
  class space    used 3606K, capacity 3884K, committed 3968K, reserved 1048576K
Event: 175.000 GC heap after
Heap after GC invocations=8 (full 1):
 PSYoungGen      total 34304K, used 6254K [0x00000000db300000, 0x00000000de280000, 0x0000000100000000)
  eden space 27648K, 0% used [0x00000000db300000,0x00000000db300000,0x00000000dce00000)
  from space 6656K, 93% used [0x00000000dd400000,0x00000000dda1b888,0x00000000dda80000)
  to   space 8192K, 0% used [0x00000000dda80000,0x00000000dda80000,0x00000000de280000)
 ParOldGen       total 59392K, used 16414K [0x0000000091800000, 0x0000000095200000, 0x00000000db300000)
  object space 59392K, 27% used [0x0000000091800000,0x0000000092807890,0x0000000095200000)
 Metaspace       used 29167K, capacity 30398K, committed 30592K, reserved 1075200K
  class space    used 3606K, capacity 3884K, committed 3968K, reserved 1048576K
}

